::1 - - [20/May/2025 09:40:15] "GET / HTTP/1.1" 200 -
::1 - - [20/May/2025 09:40:15] code 404, message File not found
::1 - - [20/May/2025 09:40:15] "GET /config.js HTTP/1.1" 404 -
::1 - - [20/May/2025 09:40:15] code 404, message File not found
::1 - - [20/May/2025 09:40:15] "GET /favicon.ico HTTP/1.1" 404 -
::1 - - [20/May/2025 09:40:43] "GET / HTTP/1.1" 304 -
::1 - - [20/May/2025 09:40:43] code 404, message File not found
::1 - - [20/May/2025 09:40:43] "GET /config.js HTTP/1.1" 404 -
::1 - - [20/May/2025 09:46:08] code 404, message File not found
::1 - - [20/May/2025 09:46:08] "GET /config.js HTTP/1.1" 404 -
::1 - - [20/May/2025 09:46:11] "GET / HTTP/1.1" 304 -
::1 - - [20/May/2025 09:46:11] code 404, message File not found
::1 - - [20/May/2025 09:46:11] "GET /config.js HTTP/1.1" 404 -
::1 - - [20/May/2025 09:46:11] "GET / HTTP/1.1" 304 -
::1 - - [20/May/2025 09:46:11] code 404, message File not found
::1 - - [20/May/2025 09:46:11] "GET /config.js HTTP/1.1" 404 -
::1 - - [20/May/2025 09:46:11] "GET / HTTP/1.1" 304 -
::1 - - [20/May/2025 09:46:11] code 404, message File not found
::1 - - [20/May/2025 09:46:11] "GET /config.js HTTP/1.1" 404 -
::1 - - [20/May/2025 09:46:11] "GET / HTTP/1.1" 304 -
::1 - - [20/May/2025 09:46:12] code 404, message File not found
::1 - - [20/May/2025 09:46:12] "GET /config.js HTTP/1.1" 404 -
::1 - - [20/May/2025 09:46:12] "GET / HTTP/1.1" 304 -
::1 - - [20/May/2025 09:46:12] code 404, message File not found
::1 - - [20/May/2025 09:46:12] "GET /config.js HTTP/1.1" 404 -
::1 - - [20/May/2025 09:46:33] "GET / HTTP/1.1" 304 -
::1 - - [20/May/2025 09:46:33] code 404, message File not found
::1 - - [20/May/2025 09:46:33] "GET /config.js HTTP/1.1" 404 -
::1 - - [20/May/2025 09:46:40] code 404, message File not found
::1 - - [20/May/2025 09:46:40] "GET /.well-known/appspecific/com.chrome.devtools.json HTTP/1.1" 404 -
::1 - - [20/May/2025 09:46:43] "GET / HTTP/1.1" 304 -
::1 - - [20/May/2025 09:46:43] code 404, message File not found
::1 - - [20/May/2025 09:46:43] "GET /.well-known/appspecific/com.chrome.devtools.json HTTP/1.1" 404 -
::1 - - [20/May/2025 09:46:43] code 404, message File not found
::1 - - [20/May/2025 09:46:43] "GET /config.js HTTP/1.1" 404 -
::1 - - [20/May/2025 09:48:03] "GET / HTTP/1.1" 200 -
::1 - - [20/May/2025 09:48:03] code 404, message File not found
::1 - - [20/May/2025 09:48:03] "GET /.well-known/appspecific/com.chrome.devtools.json HTTP/1.1" 404 -
